Release 14.7 - xst P.20131013 (nt)
Copyright (c) 1995-2013 Xilinx, Inc.  All rights reserved.
--> Parameter TMPDIR set to xst/projnav.tmp


Total REAL time to Xst completion: 0.00 secs
Total CPU time to Xst completion: 0.53 secs
 
--> Parameter xsthdpdir set to xst


Total REAL time to Xst completion: 0.00 secs
Total CPU time to Xst completion: 0.53 secs
 
--> Reading design: LEDwater.prj

TABLE OF CONTENTS
  1) Synthesis Options Summary
  2) HDL Compilation
  3) Design Hierarchy Analysis
  4) HDL Analysis
  5) HDL Synthesis
     5.1) HDL Synthesis Report
  6) Advanced HDL Synthesis
     6.1) Advanced HDL Synthesis Report
  7) Low Level Synthesis
  8) Partition Report
  9) Final Report
	9.1) Device utilization summary
	9.2) Partition Resource Summary
	9.3) TIMING REPORT


=========================================================================
*                      Synthesis Options Summary                        *
=========================================================================
---- Source Parameters
Input File Name                    : "LEDwater.prj"
Input Format                       : mixed
Ignore Synthesis Constraint File   : NO

---- Target Parameters
Output File Name                   : "LEDwater"
Output Format                      : NGC
Target Device                      : xc3s500e-4-fg320

---- Source Options
Top Module Name                    : LEDwater
Automatic FSM Extraction           : YES
FSM Encoding Algorithm             : Auto
Safe Implementation                : No
FSM Style                          : LUT
RAM Extraction                     : Yes
RAM Style                          : Auto
ROM Extraction                     : Yes
Mux Style                          : Auto
Decoder Extraction                 : YES
Priority Encoder Extraction        : Yes
Shift Register Extraction          : YES
Logical Shifter Extraction         : YES
XOR Collapsing                     : YES
ROM Style                          : Auto
Mux Extraction                     : Yes
Resource Sharing                   : YES
Asynchronous To Synchronous        : NO
Multiplier Style                   : Auto
Automatic Register Balancing       : No

---- Target Options
Add IO Buffers                     : YES
Global Maximum Fanout              : 100000
Add Generic Clock Buffer(BUFG)     : 24
Register Duplication               : YES
Slice Packing                      : YES
Optimize Instantiated Primitives   : NO
Use Clock Enable                   : Yes
Use Synchronous Set                : Yes
Use Synchronous Reset              : Yes
Pack IO Registers into IOBs        : Auto
Equivalent register Removal        : YES

---- General Options
Optimization Goal                  : Speed
Optimization Effort                : 1
Keep Hierarchy                     : No
Netlist Hierarchy                  : As_Optimized
RTL Output                         : Yes
Global Optimization                : AllClockNets
Read Cores                         : YES
Write Timing Constraints           : NO
Cross Clock Analysis               : NO
Hierarchy Separator                : /
Bus Delimiter                      : <>
Case Specifier                     : Maintain
Slice Utilization Ratio            : 100
BRAM Utilization Ratio             : 100
Verilog 2001                       : YES
Auto BRAM Packing                  : NO
Slice Utilization Ratio Delta      : 5

=========================================================================


=========================================================================
*                          HDL Compilation                              *
=========================================================================
Compiling verilog file "LEDwater.v" in library work
Compiling verilog include file "clock_div.v"
Module <clock_div> compiled
Module <LEDwater> compiled
No errors in compilation
Analysis of file <"LEDwater.prj"> succeeded.
 

=========================================================================
*                     Design Hierarchy Analysis                         *
=========================================================================
Analyzing hierarchy for module <LEDwater> in library <work>.

Analyzing hierarchy for module <clock_div> in library <work> with parameters.
	PULSECOUNT = "1011111010111100001000000"
	RESETZERO = "0000000000000000000000000"


=========================================================================
*                            HDL Analysis                               *
=========================================================================
Analyzing top module <LEDwater>.
Module <LEDwater> is correct for synthesis.
 
Analyzing module <clock_div> in library <work>.
	PULSECOUNT = 25'b1011111010111100001000000
	RESETZERO = 25'b0000000000000000000000000
Module <clock_div> is correct for synthesis.
 

=========================================================================
*                           HDL Synthesis                               *
=========================================================================

Performing bidirectional port resolution...

Synthesizing Unit <clock_div>.
    Related source file is "clock_div.v".
    Found 1-bit register for signal <CLK_1HZ>.
    Found 25-bit up counter for signal <counter>.
    Found 25-bit comparator less for signal <counter$cmp_lt0000> created at line 31.
    Summary:
	inferred   1 Counter(s).
	inferred   1 D-type flip-flop(s).
	inferred   1 Comparator(s).
Unit <clock_div> synthesized.


Synthesizing Unit <LEDwater>.
    Related source file is "LEDwater.v".
    Found 8-bit register for signal <LEDout>.
    Summary:
	inferred   8 D-type flip-flop(s).
Unit <LEDwater> synthesized.


=========================================================================
HDL Synthesis Report

Macro Statistics
# Counters                                             : 1
 25-bit up counter                                     : 1
# Registers                                            : 2
 1-bit register                                        : 1
 8-bit register                                        : 1
# Comparators                                          : 1
 25-bit comparator less                                : 1

=========================================================================

=========================================================================
*                       Advanced HDL Synthesis                          *
=========================================================================


=========================================================================
Advanced HDL Synthesis Report

Macro Statistics
# Counters                                             : 1
 25-bit up counter                                     : 1
# Registers                                            : 9
 Flip-Flops                                            : 9
# Comparators                                          : 1
 25-bit comparator less                                : 1

=========================================================================

=========================================================================
*                         Low Level Synthesis                           *
=========================================================================

Optimizing unit <LEDwater> ...

Mapping all equations...
Building and optimizing final netlist ...
Found area constraint ratio of 100 (+ 5) on block LEDwater, actual ratio is 0.

Final Macro Processing ...

=========================================================================
Final Register Report

Macro Statistics
# Registers                                            : 34
 Flip-Flops                                            : 34

=========================================================================

=========================================================================
*                           Partition Report                            *
=========================================================================

Partition Implementation Status
-------------------------------

  No Partitions were found in this design.

-------------------------------

=========================================================================
*                            Final Report                               *
=========================================================================
Final Results
RTL Top Level Output File Name     : LEDwater.ngr
Top Level Output File Name         : LEDwater
Output Format                      : NGC
Optimization Goal                  : Speed
Keep Hierarchy                     : No

Design Statistics
# IOs                              : 9

Cell Usage :
# BELS                             : 110
#      GND                         : 1
#      INV                         : 5
#      LUT1                        : 28
#      LUT2                        : 1
#      LUT3                        : 5
#      LUT3_D                      : 1
#      LUT4                        : 8
#      LUT4_D                      : 1
#      MUXCY                       : 34
#      VCC                         : 1
#      XORCY                       : 25
# FlipFlops/Latches                : 34
#      FD                          : 5
#      FDE                         : 1
#      FDR                         : 25
#      FDS                         : 3
# Clock Buffers                    : 1
#      BUFGP                       : 1
# IO Buffers                       : 8
#      OBUF                        : 8
=========================================================================

Device utilization summary:
---------------------------

Selected Device : 3s500efg320-4 

 Number of Slices:                       26  out of   4656     0%  
 Number of Slice Flip Flops:             34  out of   9312     0%  
 Number of 4 input LUTs:                 49  out of   9312     0%  
 Number of IOs:                           9
 Number of bonded IOBs:                   9  out of    232     3%  
 Number of GCLKs:                         1  out of     24     4%  

---------------------------
Partition Resource Summary:
---------------------------

  No Partitions were found in this design.

---------------------------


=========================================================================
TIMING REPORT

NOTE: THESE TIMING NUMBERS ARE ONLY A SYNTHESIS ESTIMATE.
      FOR ACCURATE TIMING INFORMATION PLEASE REFER TO THE TRACE REPORT
      GENERATED AFTER PLACE-and-ROUTE.

Clock Information:
------------------
-----------------------------------+------------------------+-------+
Clock Signal                       | Clock buffer(FF name)  | Load  |
-----------------------------------+------------------------+-------+
clock_1HZ/CLK_1HZ                  | NONE(LEDout_1)         | 8     |
clock                              | BUFGP                  | 26    |
-----------------------------------+------------------------+-------+
INFO:Xst:2169 - HDL ADVISOR - Some clock signals were not automatically buffered by XST with BUFG/BUFR resources. Please use the buffer_type constraint in order to insert these buffers to the clock signals to help prevent skew problems.

Asynchronous Control Signals Information:
----------------------------------------
No asynchronous control signals found in this design

Timing Summary:
---------------
Speed Grade: -4

   Minimum period: 6.834ns (Maximum Frequency: 146.327MHz)
   Minimum input arrival time before clock: No path found
   Maximum output required time after clock: 4.532ns
   Maximum combinational path delay: No path found

Timing Detail:
--------------
All values displayed in nanoseconds (ns)

=========================================================================
Timing constraint: Default period analysis for Clock 'clock_1HZ/CLK_1HZ'
  Clock period: 6.834ns (frequency: 146.327MHz)
  Total number of paths / destination ports: 127 / 11
-------------------------------------------------------------------------
Delay:               6.834ns (Levels of Logic = 4)
  Source:            LEDout_2 (FF)
  Destination:       LEDout_0 (FF)
  Source Clock:      clock_1HZ/CLK_1HZ rising
  Destination Clock: clock_1HZ/CLK_1HZ rising

  Data Path: LEDout_2 to LEDout_0
                                Gate     Net
    Cell:in->out      fanout   Delay   Delay  Logical Name (Net Name)
    ----------------------------------------  ------------
     FDS:C->Q              5   0.591   0.808  LEDout_2 (LEDout_2)
     LUT3_D:I0->LO         1   0.704   0.104  LEDout_mux0000<3>11 (N5)
     LUT4:I3->O            4   0.704   0.591  LEDout_cmp_eq000511 (N11)
     LUT4:I3->O            3   0.704   0.566  LEDout_mux0000<4>1 (LEDout_mux0000<4>)
     LUT3:I2->O            2   0.704   0.447  LEDout_mux0000<6>1 (LEDout_mux0000<6>)
     FDS:S                     0.911          LEDout_0
    ----------------------------------------
    Total                      6.834ns (4.318ns logic, 2.516ns route)
                                       (63.2% logic, 36.8% route)

=========================================================================
Timing constraint: Default period analysis for Clock 'clock'
  Clock period: 5.355ns (frequency: 186.730MHz)
  Total number of paths / destination ports: 820 / 52
-------------------------------------------------------------------------
Delay:               5.355ns (Levels of Logic = 11)
  Source:            clock_1HZ/counter_7 (FF)
  Destination:       clock_1HZ/counter_1 (FF)
  Source Clock:      clock rising
  Destination Clock: clock rising

  Data Path: clock_1HZ/counter_7 to clock_1HZ/counter_1
                                Gate     Net
    Cell:in->out      fanout   Delay   Delay  Logical Name (Net Name)
    ----------------------------------------  ------------
     FDR:C->Q              2   0.591   0.622  clock_1HZ/counter_7 (clock_1HZ/counter_7)
     LUT1:I0->O            1   0.704   0.000  clock_1HZ/Mcompar_counter_cmp_lt0000_cy<0>_rt (clock_1HZ/Mcompar_counter_cmp_lt0000_cy<0>_rt)
     MUXCY:S->O            1   0.464   0.000  clock_1HZ/Mcompar_counter_cmp_lt0000_cy<0> (clock_1HZ/Mcompar_counter_cmp_lt0000_cy<0>)
     MUXCY:CI->O           1   0.059   0.000  clock_1HZ/Mcompar_counter_cmp_lt0000_cy<1> (clock_1HZ/Mcompar_counter_cmp_lt0000_cy<1>)
     MUXCY:CI->O           1   0.059   0.000  clock_1HZ/Mcompar_counter_cmp_lt0000_cy<2> (clock_1HZ/Mcompar_counter_cmp_lt0000_cy<2>)
     MUXCY:CI->O           1   0.059   0.000  clock_1HZ/Mcompar_counter_cmp_lt0000_cy<3> (clock_1HZ/Mcompar_counter_cmp_lt0000_cy<3>)
     MUXCY:CI->O           1   0.059   0.000  clock_1HZ/Mcompar_counter_cmp_lt0000_cy<4> (clock_1HZ/Mcompar_counter_cmp_lt0000_cy<4>)
     MUXCY:CI->O           1   0.059   0.000  clock_1HZ/Mcompar_counter_cmp_lt0000_cy<5> (clock_1HZ/Mcompar_counter_cmp_lt0000_cy<5>)
     MUXCY:CI->O           1   0.059   0.000  clock_1HZ/Mcompar_counter_cmp_lt0000_cy<6> (clock_1HZ/Mcompar_counter_cmp_lt0000_cy<6>)
     MUXCY:CI->O           1   0.059   0.000  clock_1HZ/Mcompar_counter_cmp_lt0000_cy<7> (clock_1HZ/Mcompar_counter_cmp_lt0000_cy<7>)
     MUXCY:CI->O           1   0.059   0.000  clock_1HZ/Mcompar_counter_cmp_lt0000_cy<8> (clock_1HZ/Mcompar_counter_cmp_lt0000_cy<8>)
     MUXCY:CI->O          26   0.331   1.260  clock_1HZ/Mcompar_counter_cmp_lt0000_cy<9> (clock_1HZ/Mcompar_counter_cmp_lt0000_cy<9>)
     FDR:R                     0.911          clock_1HZ/counter_1
    ----------------------------------------
    Total                      5.355ns (3.473ns logic, 1.882ns route)
                                       (64.9% logic, 35.1% route)

=========================================================================
Timing constraint: Default OFFSET OUT AFTER for Clock 'clock_1HZ/CLK_1HZ'
  Total number of paths / destination ports: 8 / 8
-------------------------------------------------------------------------
Offset:              4.532ns (Levels of Logic = 1)
  Source:            LEDout_5 (FF)
  Destination:       LEDout<5> (PAD)
  Source Clock:      clock_1HZ/CLK_1HZ rising

  Data Path: LEDout_5 to LEDout<5>
                                Gate     Net
    Cell:in->out      fanout   Delay   Delay  Logical Name (Net Name)
    ----------------------------------------  ------------
     FD:C->Q               6   0.591   0.669  LEDout_5 (LEDout_5)
     OBUF:I->O                 3.272          LEDout_5_OBUF (LEDout<5>)
    ----------------------------------------
    Total                      4.532ns (3.863ns logic, 0.669ns route)
                                       (85.2% logic, 14.8% route)

=========================================================================


Total REAL time to Xst completion: 11.00 secs
Total CPU time to Xst completion: 10.97 secs
 
--> 

Total memory usage is 230828 kilobytes

Number of errors   :    0 (   0 filtered)
Number of warnings :    0 (   0 filtered)
Number of infos    :    1 (   0 filtered)

